#
# A fatal error has been detected by the Java Runtime Environment:
#
#  EXCEPTION_ACCESS_VIOLATION (0xc0000005) at pc=0x000000005e37c750, pid=7960, tid=6080
#
# JRE version: 6.0_17-b04
# Java VM: Java HotSpot(TM) 64-Bit Server VM (14.3-b01 mixed mode windows-amd64 )
# Problematic frame:
# C  0x000000005e37c750
#
# If you would like to submit a bug report, please visit:
#   http://java.sun.com/webapps/bugreport/crash.jsp
# The crash happened outside the Java Virtual Machine in native code.
# See problematic frame for where to report the bug.
#

---------------  T H R E A D  ---------------

Current thread (0x00000000764aa800):  JavaThread "AWT-EventQueue-0" [_thread_in_native, id=6080, stack(0x000000009bff0000,0x000000009fff0000)]

siginfo: ExceptionCode=0xc0000005, reading address 0x0000000000000008

Registers:
EAX=0x000000000000000d, EBX=0x00000000764aa9b8, ECX=0x0000000000000000, EDX=0x0000000020012315
ESP=0x000000009ffee6e8, EBP=0x0000000076c57f80, ESI=0x00000000764aa9b8, EDI=0x00000000c4df51d0
EIP=0x000000005e37c750, EFLAGS=0x0000000000010202

Top of Stack: (sp=0x000000009ffee6e8)
0x000000009ffee6e8:   000000005e32589c 00000000764aa9b8
0x000000009ffee6f8:   0000000076c57f80 00000000764aa9b8
0x000000009ffee708:   00000000c4df51d0 0000000000000556
0x000000009ffee718:   00000000764aa9b8 000000002eccca40
0x000000009ffee728:   000000005e303810 00000000764aa9b8
0x000000009ffee738:   000000009ffeede0 000000009ffeedb8
0x000000009ffee748:   0000000076c57f80 00000000336b6378
0x000000009ffee758:   000000005e322151 0000047800000005
0x000000009ffee768:   000000009ffeedc0 0000000000000000
0x000000009ffee778:   000000009ffeedb8 00000000329a7a08
0x000000009ffee788:   0000000026d41090 0000000000000001
0x000000009ffee798:   000000003ba80780 0000000029f9d5e0
0x000000009ffee7a8:   0000000026d39820 0000000000000079
0x000000009ffee7b8:   0000000031d65088 000000003ba66ce8
0x000000009ffee7c8:   0000000031c920b0 00000000329a6bd8
0x000000009ffee7d8:   000000003ba80450 0000000031c25868 

Instructions: (pc=0x000000005e37c750)
0x000000005e37c740:   48 8b 41 08 48 8b 80 18 0c 00 00 c3 cc cc cc cc
0x000000005e37c750:   48 8b 49 08 48 85 c9 74 05 e9 72 f6 fd ff 33 c0 


Stack: [0x000000009bff0000,0x000000009fff0000],  sp=0x000000009ffee6e8,  free space=65529k
Native frames: (J=compiled Java code, j=interpreted, Vv=VM code, C=native code)
C  0x000000005e37c750

Java frames: (J=compiled Java code, j=interpreted, Vv=VM code)
J  sun.java2d.windows.GDIBlitLoops.nativeBlit(Lsun/java2d/SurfaceData;Lsun/java2d/SurfaceData;Lsun/java2d/pipe/Region;IIIIIIIIIZ)V
J  sun.java2d.windows.GDIBlitLoops.Blit(Lsun/java2d/SurfaceData;Lsun/java2d/SurfaceData;Ljava/awt/Composite;Lsun/java2d/pipe/Region;IIIIII)V
J  sun.java2d.SunGraphics2D.drawImage(Ljava/awt/Image;IILjava/awt/Color;Ljava/awt/image/ImageObserver;)Z
J  javax.swing.RepaintManager$PaintManager.paintDoubleBuffered(Ljavax/swing/JComponent;Ljava/awt/Image;Ljava/awt/Graphics;IIII)V
J  javax.swing.RepaintManager$PaintManager.paint(Ljavax/swing/JComponent;Ljavax/swing/JComponent;Ljava/awt/Graphics;IIII)Z
j  javax.swing.RepaintManager.paint(Ljavax/swing/JComponent;Ljavax/swing/JComponent;Ljava/awt/Graphics;IIII)V+52
J  javax.swing.JComponent.paint(Ljava/awt/Graphics;)V
j  java.awt.GraphicsCallback$PaintCallback.run(Ljava/awt/Component;Ljava/awt/Graphics;)V+2
j  sun.awt.SunGraphicsCallback.runOneComponent(Ljava/awt/Component;Ljava/awt/Rectangle;Ljava/awt/Graphics;Ljava/awt/Shape;I)V+155
j  sun.awt.SunGraphicsCallback.runComponents([Ljava/awt/Component;Ljava/awt/Graphics;I)V+104
j  java.awt.Container.paint(Ljava/awt/Graphics;)V+73
J  javax.swing.RepaintManager.paintDirtyRegions(Ljava/util/Map;)V
j  javax.swing.RepaintManager.paintDirtyRegions()V+46
j  javax.swing.RepaintManager.seqPaintDirtyRegions()V+73
j  javax.swing.SystemEventQueueUtilities$ComponentWorkRequest.run()V+36
J  java.awt.EventDispatchThread.pumpOneEventForFilters(I)Z
J  java.awt.EventDispatchThread.pumpEventsForFilter(ILjava/awt/Conditional;Ljava/awt/EventFilter;)V
j  java.awt.EventDispatchThread.pumpEventsForHierarchy(ILjava/awt/Conditional;Ljava/awt/Component;)V+11
j  java.awt.EventDispatchThread.pumpEvents(ILjava/awt/Conditional;)V+4
j  java.awt.EventDispatchThread.pumpEvents(Ljava/awt/Conditional;)V+3
j  java.awt.EventDispatchThread.run()V+9
v  ~StubRoutines::call_stub

---------------  P R O C E S S  ---------------

Java Threads: ( => current thread )
  0x000000007e5d8000 JavaThread "pool-8-thread-1" [_thread_blocked, id=3656, stack(0x0000000116ea0000,0x000000011aea0000)]
  0x00000000764a9800 JavaThread "pool-7-thread-1" [_thread_blocked, id=4940, stack(0x0000000112ea0000,0x0000000116ea0000)]
  0x0000000076c51000 JavaThread "Code Analyzer updating thread" [_thread_blocked, id=7932, stack(0x00000000afff0000,0x00000000b3ff0000)]
  0x0000000076c54000 JavaThread "pool-1-thread-1" [_thread_blocked, id=4036, stack(0x0000000010e60000,0x0000000014e60000)]
  0x0000000076c52800 JavaThread "Code Analyzer updating thread" [_thread_blocked, id=4484, stack(0x0000000105ed0000,0x0000000109ed0000)]
  0x0000000076c4d000 JavaThread "Code Analyzer updating thread" [_thread_blocked, id=3680, stack(0x00000000f1ed0000,0x00000000f5ed0000)]
  0x0000000076c4e000 JavaThread "Code Analyzer updating thread" [_thread_blocked, id=3848, stack(0x00000000dbf30000,0x00000000dff30000)]
  0x0000000076c4d800 JavaThread "Active Reference Queue Daemon" daemon [_thread_blocked, id=8112, stack(0x00000000eded0000,0x00000000f1ed0000)]
  0x0000000076c4a000 JavaThread "Timer-2" daemon [_thread_blocked, id=6256, stack(0x00000000e5ed0000,0x00000000e9ed0000)]
  0x0000000076c46800 JavaThread "Prefs Updater" daemon [_thread_blocked, id=1916, stack(0x00000000d3f30000,0x00000000d7f30000)]
  0x0000000076c47800 JavaThread "pool-6-thread-1" [_thread_blocked, id=3900, stack(0x000000000ce60000,0x0000000010e60000)]
  0x0000000076c53800 JavaThread "Swing-Shell" daemon [_thread_blocked, id=1204, stack(0x00000000e9ed0000,0x00000000eded0000)]
  0x0000000076c50800 JavaThread "Timer-1" daemon [_thread_blocked, id=3664, stack(0x00000000fded0000,0x0000000101ed0000)]
  0x0000000076c52000 JavaThread "com.jniwrapper.NativeResourceCollector" daemon [_thread_blocked, id=7568, stack(0x00000000f5ed0000,0x00000000f9ed0000)]
  0x0000000076c4f800 JavaThread "ClipboardMonitor Timer" daemon [_thread_blocked, id=1468, stack(0x00000000e1ed0000,0x00000000e5ed0000)]
  0x0000000076c4f000 JavaThread "Explorer NavigationContext request queue" daemon [_thread_blocked, id=3360, stack(0x00000000d7f30000,0x00000000dbf30000)]
  0x0000000076c4a800 JavaThread "AddressBar directory emptiness poller" daemon [_thread_blocked, id=7040, stack(0x00000000cff30000,0x00000000d3f30000)]
  0x0000000076c4c000 JavaThread "Explorer Refresh Service 1735696708" daemon [_thread_blocked, id=2932, stack(0x00000000cbf30000,0x00000000cff30000)]
  0x0000000076c4b800 JavaThread "Thread-4" daemon [_thread_blocked, id=7788, stack(0x00000000c7f30000,0x00000000cbf30000)]
  0x0000000076c47000 JavaThread "TimerQueue" daemon [_thread_blocked, id=7820, stack(0x00000000b3ff0000,0x00000000b7ff0000)]
  0x0000000076c48800 JavaThread "Thread-3" daemon [_thread_blocked, id=5688, stack(0x000000009fff0000,0x00000000a3ff0000)]
  0x0000000076c49000 JavaThread "FelixPackageAdmin" daemon [_thread_blocked, id=3660, stack(0x00000000abff0000,0x00000000afff0000)]
  0x0000000076c45800 JavaThread "FelixStartLevel" daemon [_thread_blocked, id=4904, stack(0x00000000a7ff0000,0x00000000abff0000)]
  0x00000000764a7800 JavaThread "FelixDispatchQueue" daemon [_thread_blocked, id=4492, stack(0x00000000a3ff0000,0x00000000a7ff0000)]
=>0x00000000764aa800 JavaThread "AWT-EventQueue-0" [_thread_in_native, id=6080, stack(0x000000009bff0000,0x000000009fff0000)]
  0x00000000764a8000 JavaThread "com.google.common.base.internal.Finalizer" daemon [_thread_blocked, id=7708, stack(0x0000000097ff0000,0x000000009bff0000)]
  0x00000000764a4000 JavaThread "AWT-Windows" daemon [_thread_in_native, id=6268, stack(0x000000008fff0000,0x0000000093ff0000)]
  0x00000000764a6800 JavaThread "AWT-Shutdown" [_thread_blocked, id=7224, stack(0x000000008bff0000,0x000000008fff0000)]
  0x00000000764a6000 JavaThread "Java2D Disposer" daemon [_thread_blocked, id=1196, stack(0x0000000087ff0000,0x000000008bff0000)]
  0x00000000764a3000 JavaThread "Timer-0" [_thread_blocked, id=6236, stack(0x0000000083ff0000,0x0000000087ff0000)]
  0x00000000764a4800 JavaThread "EventMgr Dispatcher" daemon [_thread_in_native, id=3756, stack(0x000000007fff0000,0x0000000083ff0000)]
  0x000000004e169800 JavaThread "Low Memory Detector" daemon [_thread_blocked, id=3548, stack(0x000000006a460000,0x000000006e460000)]
  0x000000004e15a000 JavaThread "CompilerThread1" daemon [_thread_blocked, id=5100, stack(0x0000000066460000,0x000000006a460000)]
  0x000000004e159800 JavaThread "CompilerThread0" daemon [_thread_blocked, id=3424, stack(0x0000000062460000,0x0000000066460000)]
  0x000000004e158800 JavaThread "Attach Listener" daemon [_thread_blocked, id=3196, stack(0x000000005a2a0000,0x000000005e2a0000)]
  0x00000000253a0000 JavaThread "Finalizer" daemon [_thread_blocked, id=2764, stack(0x00000000562a0000,0x000000005a2a0000)]
  0x0000000025399000 JavaThread "Reference Handler" daemon [_thread_blocked, id=2496, stack(0x00000000522a0000,0x00000000562a0000)]
  0x00000000252c0800 JavaThread "main" [_thread_in_native, id=1720, stack(0x0000000000040000,0x0000000004040000)]

Other Threads:
  0x000000004e121800 VMThread [stack: 0x000000004e2a0000,0x00000000522a0000] [id=6016]
  0x000000004e1a0800 WatcherThread [stack: 0x000000006e460000,0x0000000072460000] [id=8140]

VM state:not at safepoint (normal execution)

VM Mutex/Monitor currently owned by a thread: None

Heap
 PSYoungGen      total 34176K, used 13600K [0x000000003ae60000, 0x000000003de50000, 0x000000003df60000)
  eden space 33280K, 38% used [0x000000003ae60000,0x000000003bad23b0,0x000000003cee0000)
  from space 896K, 95% used [0x000000003cee0000,0x000000003cfb5ea8,0x000000003cfc0000)
  to   space 7872K, 0% used [0x000000003d6a0000,0x000000003d6a0000,0x000000003de50000)
 PSOldGen        total 150528K, used 124110K [0x0000000031b60000, 0x000000003ae60000, 0x000000003ae60000)
  object space 150528K, 82% used [0x0000000031b60000,0x00000000394938d0,0x000000003ae60000)
 PSPermGen       total 125824K, used 83693K [0x0000000029b60000, 0x0000000031640000, 0x0000000031b60000)
  object space 125824K, 66% used [0x0000000029b60000,0x000000002ed1b548,0x0000000031640000)

Dynamic libraries:
0x0000000140000000 - 0x0000000140028000 	C:\Program Files\MATLAB\R2013a\bin\win64\MATLAB.exe
0x00007ff8f75d0000 - 0x00007ff8f777a000 	C:\Windows\SYSTEM32\ntdll.dll
0x00007ff8f6f10000 - 0x00007ff8f704a000 	C:\Windows\system32\KERNEL32.DLL
0x00007ff8f4c90000 - 0x00007ff8f4d9f000 	C:\Windows\system32\KERNELBASE.dll
0x0000000074460000 - 0x0000000074515000 	C:\Program Files\MATLAB\R2013a\bin\win64\libut.dll
0x0000000073f70000 - 0x0000000074112000 	C:\Program Files\MATLAB\R2013a\bin\win64\libmwfl.dll
0x0000000180000000 - 0x000000018032f000 	C:\Program Files\MATLAB\R2013a\bin\win64\libmwservices.dll
0x0000000074970000 - 0x0000000074a18000 	C:\Program Files\MATLAB\R2013a\bin\win64\mcr.dll
0x0000000004330000 - 0x0000000004486000 	C:\Program Files\MATLAB\R2013a\bin\win64\mvm.dll
0x00000000623c0000 - 0x0000000062458000 	C:\Program Files\MATLAB\R2013a\bin\win64\MSVCP100.dll
0x00000000622e0000 - 0x00000000623b2000 	C:\Program Files\MATLAB\R2013a\bin\win64\MSVCR100.dll
0x00000000758a0000 - 0x000000007595f000 	C:\Program Files\MATLAB\R2013a\bin\win64\libmwi18n.dll
0x0000000004110000 - 0x0000000004131000 	C:\Program Files\MATLAB\R2013a\bin\win64\libmwmfl_scalar.dll
0x0000000061260000 - 0x0000000061269000 	C:\Program Files\MATLAB\R2013a\bin\win64\boost_system-vc100-mt-1_49.dll
0x0000000061240000 - 0x0000000061251000 	C:\Program Files\MATLAB\R2013a\bin\win64\boost_thread-vc100-mt-1_49.dll
0x00007ff8e7b40000 - 0x00007ff8e7bcc000 	C:\Program Files\MATLAB\R2013a\bin\win64\boost_log-vc100-mt-1_49.dll
0x0000000061100000 - 0x000000006123e000 	C:\Program Files\MATLAB\R2013a\bin\win64\icuuc49.dll
0x00000000610f0000 - 0x0000000061100000 	C:\Program Files\MATLAB\R2013a\bin\win64\icuio49.dll
0x00007ff8e86a0000 - 0x00007ff8e86d3000 	C:\Program Files\MATLAB\R2013a\bin\win64\tbb.dll
0x00007ff8f6bf0000 - 0x00007ff8f6bf7000 	C:\Windows\system32\PSAPI.DLL
0x00007ff8f0c10000 - 0x00007ff8f0d98000 	C:\Windows\SYSTEM32\dbghelp.dll
0x00007ff8f4e50000 - 0x00007ff8f4ef5000 	C:\Windows\system32\ADVAPI32.dll
0x00007ff8f6a70000 - 0x00007ff8f6be1000 	C:\Windows\system32\USER32.dll
0x0000000000020000 - 0x000000000002d000 	C:\Program Files\MATLAB\R2013a\bin\win64\libmwresource_core.dll
0x000000007a350000 - 0x000000007a737000 	C:\Program Files\MATLAB\R2013a\bin\win64\libmwMATLAB_res.dll
0x00000000610e0000 - 0x00000000610ee000 	C:\Program Files\MATLAB\R2013a\bin\win64\boost_date_time-vc100-mt-1_49.dll
0x00000000610b0000 - 0x00000000610dc000 	C:\Program Files\MATLAB\R2013a\bin\win64\boost_filesystem-vc100-mt-1_49.dll
0x0000000060fd0000 - 0x00000000610af000 	C:\Program Files\MATLAB\R2013a\bin\win64\boost_regex-vc100-mt-1_49.dll
0x0000000060fb0000 - 0x0000000060fc1000 	C:\Program Files\MATLAB\R2013a\bin\win64\boost_signals-vc100-mt-1_49.dll
0x00007ff8f6470000 - 0x00007ff8f6485000 	C:\Windows\system32\imagehlp.dll
0x00007ff8f48e0000 - 0x00007ff8f4925000 	C:\Windows\SYSTEM32\POWRPROF.dll
0x0000000075a20000 - 0x0000000075b0b000 	C:\Program Files\MATLAB\R2013a\bin\win64\libmx.dll
0x0000000004140000 - 0x000000000418e000 	C:\Program Files\MATLAB\R2013a\bin\win64\libmwregexp.dll
0x0000000075f10000 - 0x0000000075f57000 	C:\Program Files\MATLAB\R2013a\bin\win64\mpath.dll
0x000000007b680000 - 0x000000007bc66000 	C:\Program Files\MATLAB\R2013a\bin\win64\mlutil.dll
0x0000000004190000 - 0x00000000041b2000 	C:\Program Files\MATLAB\R2013a\bin\win64\libmwMATLAB_settings_res.dll
0x00000000041c0000 - 0x00000000041c6000 	C:\Program Files\MATLAB\R2013a\bin\win64\libmwnativedisplay.dll
0x00007ff8f0130000 - 0x00007ff8f0140000 	C:\Program Files\MATLAB\R2013a\bin\win64\boost_iostreams-vc100-mt-1_49.dll
0x00007ff8e7af0000 - 0x00007ff8e7b36000 	C:\Program Files\MATLAB\R2013a\bin\win64\boost_serialization-vc100-mt-1_49.dll
0x00007ff8f4da0000 - 0x00007ff8f4e41000 	C:\Windows\WinSxS\amd64_microsoft.windows.common-controls_6595b64144ccf1df_5.82.9600.16384_none_34a8918f959016ea\COMCTL32.dll
0x00007ff8f74d0000 - 0x00007ff8f756a000 	C:\Windows\system32\COMDLG32.dll
0x00007ff8f0ad0000 - 0x00007ff8f0ae5000 	C:\Windows\SYSTEM32\NETAPI32.dll
0x00007ff8f7410000 - 0x00007ff8f7468000 	C:\Windows\system32\WS2_32.dll
0x0000000060d60000 - 0x0000000060fa1000 	C:\Program Files\MATLAB\R2013a\bin\win64\xerces-c_2_7.dll
0x00007ff8f4f10000 - 0x00007ff8f6330000 	C:\Windows\system32\SHELL32.dll
0x00007ff8f6490000 - 0x00007ff8f6608000 	C:\Windows\system32\ole32.dll
0x00007ff8f6c00000 - 0x00007ff8f6cb7000 	C:\Windows\system32\OLEAUT32.dll
0x0000000075000000 - 0x00000000753b1000 	C:\Program Files\MATLAB\R2013a\bin\win64\iqm.dll
0x0000000079fb0000 - 0x0000000079fdf000 	C:\Program Files\MATLAB\R2013a\bin\win64\libmwbridge.dll
0x00000000041d0000 - 0x00000000041f4000 	C:\Program Files\MATLAB\R2013a\bin\win64\libmex.dll
0x0000000074e80000 - 0x0000000074f30000 	C:\Program Files\MATLAB\R2013a\bin\win64\m_dispatcher.dll
0x000000007b0a0000 - 0x000000007b2f6000 	C:\Program Files\MATLAB\R2013a\bin\win64\mcos.dll
0x0000000073cc0000 - 0x0000000073e0e000 	C:\Program Files\MATLAB\R2013a\bin\win64\libmwgui.dll
0x0000000004490000 - 0x0000000004dd3000 	C:\Program Files\MATLAB\R2013a\bin\win64\hg.dll
0x0000000004de0000 - 0x0000000004ecb000 	C:\Program Files\MATLAB\R2013a\bin\win64\hgutils.dll
0x0000000004ed0000 - 0x00000000056d8000 	C:\Program Files\MATLAB\R2013a\bin\win64\m_interpreter.dll
0x0000000075710000 - 0x00000000757d8000 	C:\Program Files\MATLAB\R2013a\bin\win64\jmi.dll
0x00000000056e0000 - 0x000000000578e000 	C:\Program Files\MATLAB\R2013a\bin\win64\udd_mi.dll
0x0000000005790000 - 0x0000000005a5e000 	C:\Program Files\MATLAB\R2013a\bin\win64\uiw.dll
0x000000007a1f0000 - 0x000000007a20d000 	C:\Program Files\MATLAB\R2013a\bin\win64\mwoles05.DLL
0x0000000005a60000 - 0x0000000005acc000 	C:\Program Files\MATLAB\R2013a\bin\win64\comcli.dll
0x0000000004200000 - 0x000000000420c000 	C:\Program Files\MATLAB\R2013a\bin\win64\mlautoregister.dll
0x00007ff8f6d70000 - 0x00007ff8f6eb4000 	C:\Windows\system32\GDI32.dll
0x0000000060d30000 - 0x0000000060d55000 	C:\Program Files\MATLAB\R2013a\bin\win64\LIBEXPAT.dll
0x0000000060ba0000 - 0x0000000060d2a000 	C:\Program Files\MATLAB\R2013a\bin\win64\icuin49.dll
0x000000005fa70000 - 0x0000000060b92000 	C:\Program Files\MATLAB\R2013a\bin\win64\icudt49.dll
0x00007ff8f6750000 - 0x00007ff8f67f7000 	C:\Windows\system32\msvcrt.dll
0x00007ff8f6800000 - 0x00007ff8f6857000 	C:\Windows\SYSTEM32\sechost.dll
0x00007ff8f6610000 - 0x00007ff8f6746000 	C:\Windows\system32\RPCRT4.dll
0x00007ff8e8b80000 - 0x00007ff8e8ba8000 	C:\Program Files\MATLAB\R2013a\bin\win64\tbbmalloc.dll
0x000000005fa50000 - 0x000000005fa67000 	C:\Program Files\MATLAB\R2013a\bin\win64\zlib1.dll
0x00000000754d0000 - 0x0000000075547000 	C:\Program Files\MATLAB\R2013a\bin\win64\xmlcore.dll
0x00007ff8f6a10000 - 0x00007ff8f6a61000 	C:\Windows\system32\SHLWAPI.dll
0x00007ff8f4370000 - 0x00007ff8f437c000 	C:\Windows\SYSTEM32\netutils.dll
0x00007ff8f4550000 - 0x00007ff8f4575000 	C:\Windows\SYSTEM32\srvcli.dll
0x00007ff8f09a0000 - 0x00007ff8f09b6000 	C:\Windows\SYSTEM32\wkscli.dll
0x00007ff8f4f00000 - 0x00007ff8f4f09000 	C:\Windows\system32\NSI.dll
0x00007ff8f7230000 - 0x00007ff8f7406000 	C:\Windows\SYSTEM32\combase.dll
0x0000000074f40000 - 0x0000000074ff6000 	C:\Program Files\MATLAB\R2013a\bin\win64\udd.dll
0x0000000005ae0000 - 0x0000000005b04000 	C:\Program Files\MATLAB\R2013a\bin\win64\graphics_util.dll
0x0000000076100000 - 0x000000007615a000 	C:\Program Files\MATLAB\R2013a\bin\win64\libmat.dll
0x00000000761c0000 - 0x0000000076200000 	C:\Program Files\MATLAB\R2013a\bin\win64\libmwhardcopy.dll
0x0000000075c70000 - 0x0000000075cce000 	C:\Program Files\MATLAB\R2013a\bin\win64\libuij.dll
0x0000000072f50000 - 0x000000007318f000 	C:\Program Files\MATLAB\R2013a\bin\win64\hgdatatypes.dll
0x0000000075820000 - 0x000000007589e000 	C:\Program Files\MATLAB\R2013a\bin\win64\libmwlapack.dll
0x0000000005b10000 - 0x0000000005b46000 	C:\Program Files\MATLAB\R2013a\bin\win64\libmwgbtutils.dll
0x0000000005b50000 - 0x0000000005b64000 	C:\Program Files\MATLAB\R2013a\bin\win64\libmwgbt.dll
0x000000005f4f0000 - 0x000000005fa4d000 	C:\Program Files\MATLAB\R2013a\bin\win64\mfc100.dll
0x00007ff8f0370000 - 0x00007ff8f03eb000 	C:\Windows\SYSTEM32\WINSPOOL.DRV
0x0000000075430000 - 0x00000000754ab000 	C:\Program Files\MATLAB\R2013a\bin\win64\profiler.dll
0x0000000005b70000 - 0x0000000005df3000 	C:\Program Files\MATLAB\R2013a\bin\win64\libmwmathutil.dll
0x0000000079f40000 - 0x0000000079f66000 	C:\Program Files\MATLAB\R2013a\bin\win64\libmwmathrng.dll
0x000000007a1b0000 - 0x000000007a1d0000 	C:\Program Files\MATLAB\R2013a\bin\win64\m_pcodeio.dll
0x0000000079b10000 - 0x0000000079b6c000 	C:\Program Files\MATLAB\R2013a\bin\win64\m_ir.dll
0x0000000078ed0000 - 0x0000000079579000 	C:\Program Files\MATLAB\R2013a\bin\win64\m_parser.dll
0x000000007a130000 - 0x000000007a158000 	C:\Program Files\MATLAB\R2013a\bin\win64\m_pcodegen.dll
0x0000000005e00000 - 0x0000000005e63000 	C:\Program Files\MATLAB\R2013a\bin\win64\libmwspmatrix.dll
0x0000000005e70000 - 0x0000000005e7e000 	C:\Program Files\MATLAB\R2013a\bin\win64\nativejava_services.dll
0x0000000005e80000 - 0x0000000005e89000 	C:\Program Files\MATLAB\R2013a\bin\win64\uinone.dll
0x0000000005e90000 - 0x0000000005eb6000 	C:\Program Files\MATLAB\R2013a\bin\win64\libmwnativefiledialogs.dll
0x00007ff8e8570000 - 0x00007ff8e858b000 	C:\Windows\SYSTEM32\MPR.dll
0x000000005f4c0000 - 0x000000005f4eb000 	C:\Program Files\MATLAB\R2013a\bin\win64\ATL100.DLL
0x00007ff8e3cb0000 - 0x00007ff8e3d68000 	C:\Program Files\MATLAB\R2013a\bin\win64\libtex_base.dll
0x0000000072d30000 - 0x0000000072f38000 	C:\Program Files\MATLAB\R2013a\bin\win64\hdf5dll.dll
0x000000007a310000 - 0x000000007a325000 	C:\Program Files\MATLAB\R2013a\bin\win64\libmwbinder.dll
0x0000000005ee0000 - 0x0000000005eeb000 	C:\Program Files\MATLAB\R2013a\bin\win64\libmwompwrapper.dll
0x00007ff8f0a30000 - 0x00007ff8f0a37000 	C:\Windows\SYSTEM32\MSIMG32.dll
0x0000000005ef0000 - 0x0000000005f00000 	C:\Program Files\MATLAB\R2013a\bin\win64\libmwmfl_rng.dll
0x0000000074c10000 - 0x0000000074cf8000 	C:\Program Files\MATLAB\R2013a\bin\win64\libmwmathcore.dll
0x000000007a2f0000 - 0x000000007a307000 	C:\Program Files\MATLAB\R2013a\bin\win64\ir_xfmr.dll
0x0000000005f00000 - 0x0000000005f10000 	C:\Program Files\MATLAB\R2013a\bin\win64\mtok.dll
0x0000000005f10000 - 0x0000000005f1c000 	C:\Program Files\MATLAB\R2013a\bin\win64\libmwplatform_res.dll
0x00007ff8f2fa0000 - 0x00007ff8f303f000 	C:\Windows\SYSTEM32\SHCORE.DLL
0x0000000075ea0000 - 0x0000000075f02000 	C:\Program Files\MATLAB\R2013a\bin\win64\libmwcholmod.dll
0x0000000005f40000 - 0x0000000005f4d000 	C:\Program Files\MATLAB\R2013a\bin\win64\libmwamd.dll
0x0000000005f50000 - 0x0000000005f5c000 	C:\Program Files\MATLAB\R2013a\bin\win64\libmwcolamd.dll
0x000000007a290000 - 0x000000007a2a3000 	C:\Program Files\MATLAB\R2013a\bin\win64\libmwblas.dll
0x0000000062230000 - 0x00000000622d3000 	C:\Windows\WinSxS\amd64_microsoft.vc90.crt_1fc8b3b9a1e18e3b_9.0.30729.8387_none_08e793bfa83a89b5\MSVCR90.dll
0x00007ff8f6ed0000 - 0x00007ff8f6f04000 	C:\Windows\system32\IMM32.DLL
0x00007ff8f6330000 - 0x00007ff8f6469000 	C:\Windows\system32\MSCTF.dll
0x00007ff8f3640000 - 0x00007ff8f3761000 	C:\Windows\SYSTEM32\UxTheme.dll
0x00007ff8f2dd0000 - 0x00007ff8f2df0000 	C:\Windows\system32\dwmapi.dll
0x000000005f4b0000 - 0x000000005f4bd000 	C:\Program Files\MATLAB\R2013a\bin\win64\MFC100ENU.DLL
0x0000000007c00000 - 0x0000000007c4e000 	C:\Program Files\MATLAB\R2013a\bin\win64\MVMLocal.dll
0x0000000078870000 - 0x0000000078ecd000 	C:\Program Files\MATLAB\R2013a\sys\java\jre\win64\jre\bin\server\jvm.dll
0x00007ff8f09c0000 - 0x00007ff8f09df000 	C:\Windows\SYSTEM32\WINMM.dll
0x00007ff8efaa0000 - 0x00007ff8efaca000 	C:\Windows\SYSTEM32\WINMMBASE.dll
0x00007ff8f4c40000 - 0x00007ff8f4c8a000 	C:\Windows\SYSTEM32\cfgmgr32.dll

VM Arguments:
jvm_args: -XX:PermSize=32m -Xms64m -XX:NewRatio=3 -XX:MaxPermSize=128m -Xmx196m -XX:MaxDirectMemorySize=2147400000 -Dsun.java2d.noddraw=true -Dsun.awt.nopixfmt=true -Xshare:off -Xrs -Dsun.awt.disableMixing=true -Djava.library.path=C:\Program Files\MATLAB\R2013a\bin\win64;C:\Program Files\MATLAB\R2013a\sys\jxbrowser\win64\lib vfprintf abort 
java_command: <unknown>
Launcher Type: generic

Environment Variables:
JAVA_HOME=C:\Program Files\Java\jdk1.7.0_51
PATH=C:\Windows\system32;C:\Windows;C:\Windows\System32\Wbem;C:\Windows\System32\WindowsPowerShell\v1.0\;C:\Program Files\Microsoft\Web Platform Installer\;C:\Program Files\Microsoft SQL Server\110\Tools\Binn\;C:\Program Files (x86)\Windows Kits\8.1\Windows Performance Toolkit\;C:\Program Files (x86)\Git\bin;C:\Program Files\NetBeans 8.0 RC1\extide\ant\bin;C:\Program Files\Java\jdk1.7.0_51\bin;C:\Anaconda;C:\Anaconda\Scripts;C:\Program Files (x86)\nodejs;C:\Program Files\NetBeans 8.0 RC1\java\maven\bin;C:\Program Files\MiKTeX 2.9\miktex\bin\x64\;C:\Program Files\WIDCOMM\Bluetooth Software\;C:\Program Files\WIDCOMM\Bluetooth Software\syswow64;C:\Program Files\Calibre2\;C:\Program Files\TortoiseGit\bin;C:\Program Files\MATLAB\R2013a\runtime\win64;C:\Program Files\MATLAB\R2013a\bin;C:\Users\bg\AppData\Roaming\npm
USERNAME=bg
OS=Windows_NT
PROCESSOR_IDENTIFIER=Intel64 Family 6 Model 58 Stepping 9, GenuineIntel



---------------  S Y S T E M  ---------------

OS: Windows NT 6.2 Build 9200 

CPU:total 4 (8 cores per cpu, 2 threads per core) family 6 model 58 stepping 9, cmov, cx8, fxsr, mmx, sse, sse2, sse3, ssse3, sse4.1, sse4.2, ht

Memory: 4k page, physical 8258596k(2872512k free), swap 14025764k(7130172k free)

vm_info: Java HotSpot(TM) 64-Bit Server VM (14.3-b01) for windows-amd64 JRE (1.6.0_17-b04), built on Oct 11 2009 00:46:08 by "java_re" with MS VC++ 8.0

time: Mon Jul 14 15:05:47 2014
elapsed time: 81996 seconds

